E:\PROJECT\DEBUG\PROJECT.EXE
E:\PROJECT\DEBUG\PROJECT.ILK
E:\PROJECT\DEBUG\PROJECT.PDB
E:\project\project\Debug\cl.command.1.tlog
E:\project\project\Debug\CL.read.1.tlog
E:\project\project\Debug\CL.write.1.tlog
E:\project\project\Debug\link.3688.read.1.tlog
E:\project\project\Debug\link.3688.write.1.tlog
E:\project\project\Debug\link.3688-cvtres.read.1.tlog
E:\project\project\Debug\link.3688-cvtres.write.1.tlog
E:\project\project\Debug\link.972.read.1.tlog
E:\project\project\Debug\link.972.write.1.tlog
E:\project\project\Debug\link.972-cvtres.read.1.tlog
E:\project\project\Debug\link.972-cvtres.write.1.tlog
E:\project\project\Debug\link.command.1.tlog
E:\project\project\Debug\link.read.1.tlog
E:\project\project\Debug\link.write.1.tlog
E:\project\project\Debug\link-cvtres.read.1.tlog
E:\project\project\Debug\link-cvtres.write.1.tlog
E:\project\project\Debug\mt.command.1.tlog
E:\project\project\Debug\mt.read.1.tlog
E:\project\project\Debug\mt.write.1.tlog
E:\PROJECT\PROJECT\DEBUG\PROJECT.EXE.EMBED.MANIFEST
E:\PROJECT\PROJECT\DEBUG\PROJECT.EXE.EMBED.MANIFEST.RES
E:\PROJECT\PROJECT\DEBUG\PROJECT.EXE.INTERMEDIATE.MANIFEST
E:\PROJECT\PROJECT\DEBUG\PROJECT.OBJ
E:\project\project\Debug\project.vcxprojResolveAssemblyReference.cache
E:\project\project\Debug\project.write.1.tlog
E:\project\project\Debug\project_manifest.rc
E:\project\project\Debug\rc.command.1.tlog
E:\project\project\Debug\rc.read.1.tlog
E:\project\project\Debug\rc.write.1.tlog
E:\project\project\Debug\vc100.idb
E:\PROJECT\PROJECT\DEBUG\VC100.PDB
